0 info it worked if it ends with ok
1 verbose cli [ '/usr/local/bin/node', '/usr/local/bin/npm', 'start' ]
2 info using npm@1.1.59
3 info using node@v0.8.8
4 verbose read json /home/lostmarble/workspace/nodejs/dropbox/dbox-examples/overview/package.json
5 warn package.json overview@0.0.1 No README.md file found!
6 verbose run-script [ 'prestart', 'start', 'poststart' ]
7 info prestart overview@0.0.1
8 info start overview@0.0.1
9 verbose unsafe-perm in lifecycle true
10 silly exec sh "-c" "node app"
11 silly sh,-c,node app,/home/lostmarble/workspace/nodejs/dropbox/dbox-examples/overview spawning
12 info overview@0.0.1 Failed to exec start script
13 error overview@0.0.1 start: `node app`
13 error `sh "-c" "node app"` failed with 1
14 error Failed at the overview@0.0.1 start script.
14 error This is most likely a problem with the overview package,
14 error not with npm itself.
14 error Tell the author that this fails on your system:
14 error     node app
14 error You can get their info via:
14 error     npm owner ls overview
14 error There is likely additional logging output above.
15 error System Linux 3.2.0-23-generic
16 error command "/usr/local/bin/node" "/usr/local/bin/npm" "start"
17 error cwd /home/lostmarble/workspace/nodejs/dropbox/dbox-examples/overview
18 error node -v v0.8.8
19 error npm -v 1.1.59
20 error code ELIFECYCLE
21 verbose exit [ 1, true ]
